                                 Started job on |	Sep 05 14:14:56
                             Started mapping on |	Sep 05 14:17:42
                                    Finished on |	Sep 05 14:20:00
       Mapping speed, Million of reads per hour |	856.49

                          Number of input reads |	32832103
                      Average input read length |	75
                                    UNIQUE READS:
                   Uniquely mapped reads number |	30776255
                        Uniquely mapped reads % |	93.74%
                          Average mapped length |	75.12
                       Number of splices: Total |	4027883
            Number of splices: Annotated (sjdb) |	4004051
                       Number of splices: GT/AG |	3944353
                       Number of splices: GC/AG |	38193
                       Number of splices: AT/AC |	4356
               Number of splices: Non-canonical |	40981
                      Mismatch rate per base, % |	0.73%
                         Deletion rate per base |	0.05%
                        Deletion average length |	1.88
                        Insertion rate per base |	0.03%
                       Insertion average length |	1.67
                             MULTI-MAPPING READS:
        Number of reads mapped to multiple loci |	900527
             % of reads mapped to multiple loci |	2.74%
        Number of reads mapped to too many loci |	162693
             % of reads mapped to too many loci |	0.50%
                                  UNMAPPED READS:
  Number of reads unmapped: too many mismatches |	0
       % of reads unmapped: too many mismatches |	0.00%
            Number of reads unmapped: too short |	742606
                 % of reads unmapped: too short |	2.26%
                Number of reads unmapped: other |	250022
                     % of reads unmapped: other |	0.76%
                                  CHIMERIC READS:
                       Number of chimeric reads |	0
                            % of chimeric reads |	0.00%
