                                 Started job on |	Sep 05 14:14:55
                             Started mapping on |	Sep 05 14:17:24
                                    Finished on |	Sep 05 14:19:27
       Mapping speed, Million of reads per hour |	955.44

                          Number of input reads |	32644316
                      Average input read length |	75
                                    UNIQUE READS:
                   Uniquely mapped reads number |	30959061
                        Uniquely mapped reads % |	94.84%
                          Average mapped length |	75.15
                       Number of splices: Total |	5366459
            Number of splices: Annotated (sjdb) |	5343320
                       Number of splices: GT/AG |	5279778
                       Number of splices: GC/AG |	48734
                       Number of splices: AT/AC |	5208
               Number of splices: Non-canonical |	32739
                      Mismatch rate per base, % |	0.68%
                         Deletion rate per base |	0.04%
                        Deletion average length |	1.81
                        Insertion rate per base |	0.03%
                       Insertion average length |	1.67
                             MULTI-MAPPING READS:
        Number of reads mapped to multiple loci |	793767
             % of reads mapped to multiple loci |	2.43%
        Number of reads mapped to too many loci |	117895
             % of reads mapped to too many loci |	0.36%
                                  UNMAPPED READS:
  Number of reads unmapped: too many mismatches |	0
       % of reads unmapped: too many mismatches |	0.00%
            Number of reads unmapped: too short |	666123
                 % of reads unmapped: too short |	2.04%
                Number of reads unmapped: other |	107470
                     % of reads unmapped: other |	0.33%
                                  CHIMERIC READS:
                       Number of chimeric reads |	0
                            % of chimeric reads |	0.00%
