                                 Started job on |	Sep 05 14:11:55
                             Started mapping on |	Sep 05 14:14:43
                                    Finished on |	Sep 05 14:16:58
       Mapping speed, Million of reads per hour |	949.25

                          Number of input reads |	35597026
                      Average input read length |	75
                                    UNIQUE READS:
                   Uniquely mapped reads number |	33555351
                        Uniquely mapped reads % |	94.26%
                          Average mapped length |	75.16
                       Number of splices: Total |	6268491
            Number of splices: Annotated (sjdb) |	6243831
                       Number of splices: GT/AG |	6169606
                       Number of splices: GC/AG |	55741
                       Number of splices: AT/AC |	6088
               Number of splices: Non-canonical |	37056
                      Mismatch rate per base, % |	0.69%
                         Deletion rate per base |	0.04%
                        Deletion average length |	1.83
                        Insertion rate per base |	0.02%
                       Insertion average length |	1.66
                             MULTI-MAPPING READS:
        Number of reads mapped to multiple loci |	1034424
             % of reads mapped to multiple loci |	2.91%
        Number of reads mapped to too many loci |	137773
             % of reads mapped to too many loci |	0.39%
                                  UNMAPPED READS:
  Number of reads unmapped: too many mismatches |	0
       % of reads unmapped: too many mismatches |	0.00%
            Number of reads unmapped: too short |	757563
                 % of reads unmapped: too short |	2.13%
                Number of reads unmapped: other |	111915
                     % of reads unmapped: other |	0.31%
                                  CHIMERIC READS:
                       Number of chimeric reads |	0
                            % of chimeric reads |	0.00%
