                                 Started job on |	Sep 05 14:14:58
                             Started mapping on |	Sep 05 14:17:45
                                    Finished on |	Sep 05 14:20:07
       Mapping speed, Million of reads per hour |	854.32

                          Number of input reads |	33698153
                      Average input read length |	75
                                    UNIQUE READS:
                   Uniquely mapped reads number |	31864057
                        Uniquely mapped reads % |	94.56%
                          Average mapped length |	75.13
                       Number of splices: Total |	4748229
            Number of splices: Annotated (sjdb) |	4724664
                       Number of splices: GT/AG |	4658377
                       Number of splices: GC/AG |	44112
                       Number of splices: AT/AC |	5047
               Number of splices: Non-canonical |	40693
                      Mismatch rate per base, % |	0.74%
                         Deletion rate per base |	0.05%
                        Deletion average length |	1.83
                        Insertion rate per base |	0.03%
                       Insertion average length |	1.69
                             MULTI-MAPPING READS:
        Number of reads mapped to multiple loci |	838788
             % of reads mapped to multiple loci |	2.49%
        Number of reads mapped to too many loci |	114618
             % of reads mapped to too many loci |	0.34%
                                  UNMAPPED READS:
  Number of reads unmapped: too many mismatches |	0
       % of reads unmapped: too many mismatches |	0.00%
            Number of reads unmapped: too short |	776261
                 % of reads unmapped: too short |	2.30%
                Number of reads unmapped: other |	104429
                     % of reads unmapped: other |	0.31%
                                  CHIMERIC READS:
                       Number of chimeric reads |	0
                            % of chimeric reads |	0.00%
