           Time    Speed        Read     Read   Mapped   Mapped   Mapped   Mapped Unmapped Unmapped Unmapped Unmapped
                    M/hr      number   length   unique   length   MMrate    multi   multi+       MM    short    other
Sep 16 15:42:07	Started 1st pass mapping
Sep 16 15:52:14      1.0      165894       75    94.4%     75.1     0.7%     2.5%     0.4%     0.0%     2.1%     0.5%
Sep 16 15:53:30     22.4     4248480       75    94.3%     75.1     0.7%     2.6%     0.4%     0.0%     2.2%     0.5%
Sep 16 15:54:30     28.5     5877971       75    94.3%     75.1     0.7%     2.6%     0.4%     0.0%     2.2%     0.5%
Sep 16 15:55:31     44.6     9951725       75    94.3%     75.1     0.7%     2.6%     0.4%     0.0%     2.2%     0.5%
Sep 16 15:56:31     59.6    14305313       75    94.3%     75.1     0.7%     2.6%     0.4%     0.0%     2.2%     0.5%
Sep 16 15:57:42     61.3    15917683       75    94.3%     75.1     0.7%     2.6%     0.4%     0.0%     2.2%     0.5%
Sep 16 15:58:43     63.4    17530063       75    94.3%     75.1     0.7%     2.6%     0.4%     0.0%     2.2%     0.5%
Sep 16 16:02:06     57.5    19142427       75    94.3%     75.1     0.7%     2.6%     0.4%     0.0%     2.2%     0.5%
Sep 16 16:03:17     54.7    19303662       75    94.3%     75.1     0.7%     2.6%     0.4%     0.0%     2.2%     0.5%
Sep 16 16:04:30     56.1    20916008       75    94.3%     75.1     0.7%     2.6%     0.4%     0.0%     2.2%     0.5%
Sep 16 16:06:25     54.0    21883417       75    94.3%     75.1     0.7%     2.6%     0.4%     0.0%     2.2%     0.5%
Sep 16 16:16:46     39.6    22850826       75    94.3%     75.1     0.7%     2.6%     0.4%     0.0%     2.2%     0.5%
Sep 16 16:17:54     41.0    24463162       75    94.3%     75.1     0.7%     2.6%     0.4%     0.0%     2.2%     0.5%
Sep 16 16:18:57     42.2    25914259       75    94.3%     75.1     0.7%     2.6%     0.4%     0.0%     2.2%     0.5%
Sep 16 16:20:11     42.6    27042903       75    94.3%     75.1     0.7%     2.6%     0.4%     0.0%     2.2%     0.5%
Sep 16 16:21:18     45.6    29783902       75    94.3%     75.1     0.7%     2.6%     0.4%     0.0%     2.2%     0.5%
Sep 16 16:22:18     49.5    33169850       75    94.3%     75.1     0.7%     2.6%     0.4%     0.0%     2.2%     0.5%
Sep 16 16:23:18     48.6    33331082       75    94.3%     75.1     0.7%     2.6%     0.4%     0.0%     2.2%     0.5%
Sep 16 16:24:23     48.5    34137259       75    94.3%     75.1     0.7%     2.6%     0.4%     0.0%     2.2%     0.5%
Sep 16 16:25:30     51.2    37019755       75    94.3%     75.1     0.7%     2.6%     0.4%     0.0%     2.2%     0.5%
Sep 16 16:26:02	Finished 1st pass mapping
Sep 16 17:06:41      0.3      164697       75    94.3%     75.2     0.7%     2.6%     0.4%     0.0%     2.1%     0.6%
Sep 16 17:08:46      1.2      824691       75    94.3%     75.2     0.7%     2.6%     0.4%     0.0%     2.1%     0.5%
Sep 16 17:16:02      1.2      989392       75    94.3%     75.2     0.7%     2.6%     0.4%     0.0%     2.1%     0.5%
Sep 16 17:22:01      1.3     1152434       75    94.3%     75.2     0.7%     2.6%     0.4%     0.0%     2.1%     0.5%
Sep 16 17:24:48      1.4     1315385       75    94.3%     75.2     0.7%     2.6%     0.4%     0.0%     2.1%     0.5%
Sep 16 17:30:51      1.4     1478333       75    94.3%     75.2     0.7%     2.6%     0.4%     0.0%     2.1%     0.5%
Sep 16 17:35:28      1.6     1804234       75    94.3%     75.2     0.7%     2.6%     0.4%     0.0%     2.2%     0.5%
Sep 16 17:43:01      2.0     2456031       75    94.3%     75.2     0.7%     2.6%     0.4%     0.0%     2.2%     0.5%
Sep 16 17:51:27      1.9     2618979       75    94.3%     75.2     0.7%     2.6%     0.4%     0.0%     2.2%     0.5%
Sep 16 17:54:15      1.9     2781923       75    94.3%     75.2     0.7%     2.6%     0.4%     0.0%     2.2%     0.5%
Sep 16 17:56:32      2.1     3107817       75    94.3%     75.2     0.7%     2.6%     0.4%     0.0%     2.2%     0.5%
Sep 16 18:04:46      2.0     3270769       75    94.3%     75.2     0.7%     2.6%     0.4%     0.0%     2.2%     0.5%
Sep 16 18:06:32      2.1     3433726       75    94.3%     75.2     0.7%     2.6%     0.4%     0.0%     2.2%     0.5%
Sep 16 18:10:54      2.3     3922581       75    94.3%     75.2     0.7%     2.6%     0.4%     0.0%     2.2%     0.5%
Sep 16 18:14:14      2.3     4085530       75    94.3%     75.2     0.7%     2.6%     0.4%     0.0%     2.2%     0.5%
Sep 16 18:18:48      2.3     4248480       75    94.3%     75.2     0.7%     2.6%     0.4%     0.0%     2.2%     0.5%
Sep 16 18:24:50      2.3     4411427       75    94.3%     75.2     0.7%     2.6%     0.4%     0.0%     2.2%     0.5%
Sep 16 18:28:17      2.3     4574375       75    94.3%     75.2     0.7%     2.6%     0.4%     0.0%     2.2%     0.5%
Sep 16 18:31:09      2.3     4737323       75    94.3%     75.2     0.7%     2.6%     0.4%     0.0%     2.2%     0.5%
Sep 16 18:32:59      2.3     4900273       75    94.3%     75.2     0.7%     2.6%     0.4%     0.0%     2.2%     0.5%
Sep 16 18:34:19      2.5     5226168       75    94.3%     75.2     0.7%     2.6%     0.4%     0.0%     2.2%     0.5%
Sep 16 18:36:52      2.5     5389118       75    94.3%     75.2     0.7%     2.6%     0.4%     0.0%     2.2%     0.5%
Sep 16 18:39:17      2.8     6203872       75    94.3%     75.2     0.7%     2.6%     0.4%     0.0%     2.2%     0.5%
Sep 16 18:40:55      3.0     6692720       75    94.3%     75.2     0.7%     2.6%     0.4%     0.0%     2.2%     0.5%
Sep 16 18:42:17      3.1     6855675       75    94.3%     75.2     0.7%     2.6%     0.4%     0.0%     2.2%     0.5%
Sep 16 18:45:17      3.1     7181575       75    94.3%     75.2     0.7%     2.6%     0.4%     0.0%     2.2%     0.5%
Sep 16 18:47:01      3.4     7996332       75    94.3%     75.2     0.7%     2.6%     0.4%     0.0%     2.2%     0.5%
Sep 16 18:49:38      3.4     8159278       75    94.3%     75.2     0.7%     2.6%     0.4%     0.0%     2.2%     0.5%
Sep 16 18:51:53      3.6     8648135       75    94.3%     75.2     0.7%     2.6%     0.4%     0.0%     2.2%     0.5%
Sep 16 18:53:15      4.1     9951725       75    94.3%     75.2     0.7%     2.6%     0.4%     0.0%     2.2%     0.5%
Sep 16 18:57:33      4.4    10919396       75    94.3%     75.2     0.7%     2.6%     0.4%     0.0%     2.2%     0.5%
Sep 16 18:59:24      4.4    11080628       75    94.3%     75.2     0.7%     2.6%     0.4%     0.0%     2.2%     0.5%
Sep 16 19:03:51      4.6    11886801       75    94.3%     75.2     0.7%     2.6%     0.4%     0.0%     2.2%     0.5%
Sep 16 19:07:02      4.8    12854198       75    94.3%     75.2     0.7%     2.6%     0.4%     0.0%     2.2%     0.5%
Sep 16 19:10:03      4.9    13176663       75    94.3%     75.2     0.7%     2.6%     0.4%     0.0%     2.2%     0.5%
Sep 16 19:13:20      5.3    14627784       75    94.3%     75.2     0.7%     2.6%     0.4%     0.0%     2.2%     0.5%
Sep 16 19:15:58      5.6    15595201       75    94.3%     75.2     0.7%     2.6%     0.4%     0.0%     2.1%     0.5%
Sep 16 19:17:03      6.1    17207588       75    94.3%     75.2     0.7%     2.6%     0.4%     0.0%     2.1%     0.5%
Sep 16 19:18:04      6.5    18336237       75    94.3%     75.2     0.7%     2.6%     0.4%     0.0%     2.1%     0.5%
Sep 16 19:19:09      6.6    18819947       75    94.3%     75.2     0.7%     2.6%     0.4%     0.0%     2.1%     0.5%
Sep 16 19:20:09      7.5    21560945       75    94.3%     75.2     0.7%     2.6%     0.4%     0.0%     2.1%     0.5%
Sep 16 19:21:09      8.5    24624392       75    94.3%     75.2     0.7%     2.6%     0.4%     0.0%     2.1%     0.5%
Sep 16 19:22:12      9.1    26559203       75    94.3%     75.2     0.7%     2.6%     0.4%     0.0%     2.1%     0.5%
Sep 16 19:23:16     10.3    30106376       75    94.3%     75.2     0.7%     2.6%     0.4%     0.0%     2.1%     0.5%
Sep 16 19:24:21     10.8    31718723       75    94.3%     75.2     0.7%     2.6%     0.4%     0.0%     2.1%     0.5%
Sep 16 19:25:48     11.4    33976021       75    94.3%     75.2     0.7%     2.6%     0.4%     0.0%     2.1%     0.5%
Sep 16 19:30:32     12.1    37019755       75    94.3%     75.2     0.7%     2.6%     0.4%     0.0%     2.1%     0.5%
ALL DONE!
