                                 Started job on |	Jul 16 18:07:11
                             Started mapping on |	Jul 16 18:09:21
                                    Finished on |	Jul 16 18:10:56
       Mapping speed, Million of reads per hour |	1186.01

                          Number of input reads |	31297463
                      Average input read length |	75
                                    UNIQUE READS:
                   Uniquely mapped reads number |	29335827
                        Uniquely mapped reads % |	93.73%
                          Average mapped length |	75.09
                       Number of splices: Total |	3350196
            Number of splices: Annotated (sjdb) |	3329104
                       Number of splices: GT/AG |	3277958
                       Number of splices: GC/AG |	32978
                       Number of splices: AT/AC |	3638
               Number of splices: Non-canonical |	35622
                      Mismatch rate per base, % |	0.69%
                         Deletion rate per base |	0.05%
                        Deletion average length |	1.87
                        Insertion rate per base |	0.03%
                       Insertion average length |	1.66
                             MULTI-MAPPING READS:
        Number of reads mapped to multiple loci |	1019968
             % of reads mapped to multiple loci |	3.26%
        Number of reads mapped to too many loci |	148911
             % of reads mapped to too many loci |	0.48%
                                  UNMAPPED READS:
  Number of reads unmapped: too many mismatches |	0
       % of reads unmapped: too many mismatches |	0.00%
            Number of reads unmapped: too short |	684277
                 % of reads unmapped: too short |	2.19%
                Number of reads unmapped: other |	108480
                     % of reads unmapped: other |	0.35%
                                  CHIMERIC READS:
                       Number of chimeric reads |	0
                            % of chimeric reads |	0.00%
