                                 Started job on |	Sep 16 15:34:53
                             Started mapping on |	Sep 16 16:27:40
                                    Finished on |	Sep 16 19:30:32
       Mapping speed, Million of reads per hour |	12.15

                          Number of input reads |	37019755
                      Average input read length |	75
                                    UNIQUE READS:
                   Uniquely mapped reads number |	34900308
                        Uniquely mapped reads % |	94.27%
                          Average mapped length |	75.16
                       Number of splices: Total |	6435412
            Number of splices: Annotated (sjdb) |	6408909
                       Number of splices: GT/AG |	6330599
                       Number of splices: GC/AG |	57956
                       Number of splices: AT/AC |	6133
               Number of splices: Non-canonical |	40724
                      Mismatch rate per base, % |	0.70%
                         Deletion rate per base |	0.04%
                        Deletion average length |	1.81
                        Insertion rate per base |	0.02%
                       Insertion average length |	1.67
                             MULTI-MAPPING READS:
        Number of reads mapped to multiple loci |	972891
             % of reads mapped to multiple loci |	2.63%
        Number of reads mapped to too many loci |	155748
             % of reads mapped to too many loci |	0.42%
                                  UNMAPPED READS:
  Number of reads unmapped: too many mismatches |	0
       % of reads unmapped: too many mismatches |	0.00%
            Number of reads unmapped: too short |	792495
                 % of reads unmapped: too short |	2.14%
                Number of reads unmapped: other |	198313
                     % of reads unmapped: other |	0.54%
                                  CHIMERIC READS:
                       Number of chimeric reads |	0
                            % of chimeric reads |	0.00%
