                                 Started job on |	Sep 16 15:30:13
                             Started mapping on |	Sep 16 15:32:55
                                    Finished on |	Sep 16 15:34:58
       Mapping speed, Million of reads per hour |	1011.38

                          Number of input reads |	34555574
                      Average input read length |	75
                                    UNIQUE READS:
                   Uniquely mapped reads number |	32469139
                        Uniquely mapped reads % |	93.96%
                          Average mapped length |	75.14
                       Number of splices: Total |	4898300
            Number of splices: Annotated (sjdb) |	4874256
                       Number of splices: GT/AG |	4809933
                       Number of splices: GC/AG |	44837
                       Number of splices: AT/AC |	5279
               Number of splices: Non-canonical |	38251
                      Mismatch rate per base, % |	0.71%
                         Deletion rate per base |	0.04%
                        Deletion average length |	1.85
                        Insertion rate per base |	0.03%
                       Insertion average length |	1.68
                             MULTI-MAPPING READS:
        Number of reads mapped to multiple loci |	901593
             % of reads mapped to multiple loci |	2.61%
        Number of reads mapped to too many loci |	161261
             % of reads mapped to too many loci |	0.47%
                                  UNMAPPED READS:
  Number of reads unmapped: too many mismatches |	0
       % of reads unmapped: too many mismatches |	0.00%
            Number of reads unmapped: too short |	782488
                 % of reads unmapped: too short |	2.26%
                Number of reads unmapped: other |	241093
                     % of reads unmapped: other |	0.70%
                                  CHIMERIC READS:
                       Number of chimeric reads |	0
                            % of chimeric reads |	0.00%
