                                 Started job on |	Sep 16 15:30:31
                             Started mapping on |	Sep 16 15:32:44
                                    Finished on |	Sep 16 15:34:25
       Mapping speed, Million of reads per hour |	1244.36

                          Number of input reads |	34911214
                      Average input read length |	75
                                    UNIQUE READS:
                   Uniquely mapped reads number |	32854569
                        Uniquely mapped reads % |	94.11%
                          Average mapped length |	75.11
                       Number of splices: Total |	4638585
            Number of splices: Annotated (sjdb) |	4614099
                       Number of splices: GT/AG |	4551065
                       Number of splices: GC/AG |	44159
                       Number of splices: AT/AC |	4852
               Number of splices: Non-canonical |	38509
                      Mismatch rate per base, % |	0.72%
                         Deletion rate per base |	0.05%
                        Deletion average length |	1.83
                        Insertion rate per base |	0.03%
                       Insertion average length |	1.67
                             MULTI-MAPPING READS:
        Number of reads mapped to multiple loci |	961117
             % of reads mapped to multiple loci |	2.75%
        Number of reads mapped to too many loci |	154139
             % of reads mapped to too many loci |	0.44%
                                  UNMAPPED READS:
  Number of reads unmapped: too many mismatches |	0
       % of reads unmapped: too many mismatches |	0.00%
            Number of reads unmapped: too short |	729546
                 % of reads unmapped: too short |	2.09%
                Number of reads unmapped: other |	211843
                     % of reads unmapped: other |	0.61%
                                  CHIMERIC READS:
                       Number of chimeric reads |	0
                            % of chimeric reads |	0.00%
