                                 Started job on |	Sep 16 15:30:51
                             Started mapping on |	Sep 16 15:33:20
                                    Finished on |	Sep 16 15:35:17
       Mapping speed, Million of reads per hour |	1059.48

                          Number of input reads |	34433246
                      Average input read length |	75
                                    UNIQUE READS:
                   Uniquely mapped reads number |	32429326
                        Uniquely mapped reads % |	94.18%
                          Average mapped length |	75.13
                       Number of splices: Total |	4319395
            Number of splices: Annotated (sjdb) |	4294980
                       Number of splices: GT/AG |	4234877
                       Number of splices: GC/AG |	40984
                       Number of splices: AT/AC |	4831
               Number of splices: Non-canonical |	38703
                      Mismatch rate per base, % |	0.72%
                         Deletion rate per base |	0.05%
                        Deletion average length |	1.83
                        Insertion rate per base |	0.03%
                       Insertion average length |	1.66
                             MULTI-MAPPING READS:
        Number of reads mapped to multiple loci |	993406
             % of reads mapped to multiple loci |	2.89%
        Number of reads mapped to too many loci |	136846
             % of reads mapped to too many loci |	0.40%
                                  UNMAPPED READS:
  Number of reads unmapped: too many mismatches |	0
       % of reads unmapped: too many mismatches |	0.00%
            Number of reads unmapped: too short |	779215
                 % of reads unmapped: too short |	2.26%
                Number of reads unmapped: other |	94453
                     % of reads unmapped: other |	0.27%
                                  CHIMERIC READS:
                       Number of chimeric reads |	0
                            % of chimeric reads |	0.00%
