                                 Started job on |	Sep 16 15:29:55
                             Started mapping on |	Sep 16 15:32:37
                                    Finished on |	Sep 16 15:34:26
       Mapping speed, Million of reads per hour |	1113.40

                          Number of input reads |	33711143
                      Average input read length |	75
                                    UNIQUE READS:
                   Uniquely mapped reads number |	31778933
                        Uniquely mapped reads % |	94.27%
                          Average mapped length |	75.17
                       Number of splices: Total |	5221778
            Number of splices: Annotated (sjdb) |	5198192
                       Number of splices: GT/AG |	5132940
                       Number of splices: GC/AG |	47028
                       Number of splices: AT/AC |	5402
               Number of splices: Non-canonical |	36408
                      Mismatch rate per base, % |	0.71%
                         Deletion rate per base |	0.04%
                        Deletion average length |	1.81
                        Insertion rate per base |	0.03%
                       Insertion average length |	1.67
                             MULTI-MAPPING READS:
        Number of reads mapped to multiple loci |	865980
             % of reads mapped to multiple loci |	2.57%
        Number of reads mapped to too many loci |	142432
             % of reads mapped to too many loci |	0.42%
                                  UNMAPPED READS:
  Number of reads unmapped: too many mismatches |	0
       % of reads unmapped: too many mismatches |	0.00%
            Number of reads unmapped: too short |	732124
                 % of reads unmapped: too short |	2.17%
                Number of reads unmapped: other |	191674
                     % of reads unmapped: other |	0.57%
                                  CHIMERIC READS:
                       Number of chimeric reads |	0
                            % of chimeric reads |	0.00%
