                                 Started job on |	Sep 16 15:31:16
                             Started mapping on |	Sep 16 15:33:44
                                    Finished on |	Sep 16 15:35:38
       Mapping speed, Million of reads per hour |	1179.05

                          Number of input reads |	37336550
                      Average input read length |	75
                                    UNIQUE READS:
                   Uniquely mapped reads number |	35330402
                        Uniquely mapped reads % |	94.63%
                          Average mapped length |	75.18
                       Number of splices: Total |	6578874
            Number of splices: Annotated (sjdb) |	6553262
                       Number of splices: GT/AG |	6479546
                       Number of splices: GC/AG |	56816
                       Number of splices: AT/AC |	6373
               Number of splices: Non-canonical |	36139
                      Mismatch rate per base, % |	0.68%
                         Deletion rate per base |	0.04%
                        Deletion average length |	1.79
                        Insertion rate per base |	0.02%
                       Insertion average length |	1.66
                             MULTI-MAPPING READS:
        Number of reads mapped to multiple loci |	889719
             % of reads mapped to multiple loci |	2.38%
        Number of reads mapped to too many loci |	152529
             % of reads mapped to too many loci |	0.41%
                                  UNMAPPED READS:
  Number of reads unmapped: too many mismatches |	0
       % of reads unmapped: too many mismatches |	0.00%
            Number of reads unmapped: too short |	729275
                 % of reads unmapped: too short |	1.95%
                Number of reads unmapped: other |	234625
                     % of reads unmapped: other |	0.63%
                                  CHIMERIC READS:
                       Number of chimeric reads |	0
                            % of chimeric reads |	0.00%
