                                 Started job on |	Jul 16 18:16:02
                             Started mapping on |	Jul 16 18:18:16
                                    Finished on |	Jul 16 18:19:50
       Mapping speed, Million of reads per hour |	1165.44

                          Number of input reads |	30430871
                      Average input read length |	75
                                    UNIQUE READS:
                   Uniquely mapped reads number |	28363644
                        Uniquely mapped reads % |	93.21%
                          Average mapped length |	75.11
                       Number of splices: Total |	2606765
            Number of splices: Annotated (sjdb) |	2586344
                       Number of splices: GT/AG |	2541210
                       Number of splices: GC/AG |	28592
                       Number of splices: AT/AC |	3030
               Number of splices: Non-canonical |	33933
                      Mismatch rate per base, % |	0.67%
                         Deletion rate per base |	0.05%
                        Deletion average length |	1.88
                        Insertion rate per base |	0.03%
                       Insertion average length |	1.66
                             MULTI-MAPPING READS:
        Number of reads mapped to multiple loci |	987891
             % of reads mapped to multiple loci |	3.25%
        Number of reads mapped to too many loci |	179272
             % of reads mapped to too many loci |	0.59%
                                  UNMAPPED READS:
  Number of reads unmapped: too many mismatches |	0
       % of reads unmapped: too many mismatches |	0.00%
            Number of reads unmapped: too short |	681551
                 % of reads unmapped: too short |	2.24%
                Number of reads unmapped: other |	218513
                     % of reads unmapped: other |	0.72%
                                  CHIMERIC READS:
                       Number of chimeric reads |	0
                            % of chimeric reads |	0.00%
