                                 Started job on |	May 12 16:36:47
                             Started mapping on |	May 12 16:39:31
                                    Finished on |	May 12 16:41:56
       Mapping speed, Million of reads per hour |	921.75

                          Number of input reads |	37125850
                      Average input read length |	75
                                    UNIQUE READS:
                   Uniquely mapped reads number |	34999695
                        Uniquely mapped reads % |	94.27%
                          Average mapped length |	75.16
                       Number of splices: Total |	6058184
            Number of splices: Annotated (sjdb) |	6031957
                       Number of splices: GT/AG |	5954930
                       Number of splices: GC/AG |	58408
                       Number of splices: AT/AC |	5907
               Number of splices: Non-canonical |	38939
                      Mismatch rate per base, % |	0.69%
                         Deletion rate per base |	0.04%
                        Deletion average length |	1.83
                        Insertion rate per base |	0.02%
                       Insertion average length |	1.67
                             MULTI-MAPPING READS:
        Number of reads mapped to multiple loci |	936000
             % of reads mapped to multiple loci |	2.52%
        Number of reads mapped to too many loci |	163747
             % of reads mapped to too many loci |	0.44%
                                  UNMAPPED READS:
  Number of reads unmapped: too many mismatches |	0
       % of reads unmapped: too many mismatches |	0.00%
            Number of reads unmapped: too short |	786623
                 % of reads unmapped: too short |	2.12%
                Number of reads unmapped: other |	239785
                     % of reads unmapped: other |	0.65%
                                  CHIMERIC READS:
                       Number of chimeric reads |	0
                            % of chimeric reads |	0.00%
