                                 Started job on |	May 12 16:39:50
                             Started mapping on |	May 12 16:42:10
                                    Finished on |	May 12 16:44:11
       Mapping speed, Million of reads per hour |	974.35

                          Number of input reads |	32749057
                      Average input read length |	75
                                    UNIQUE READS:
                   Uniquely mapped reads number |	30541138
                        Uniquely mapped reads % |	93.26%
                          Average mapped length |	75.13
                       Number of splices: Total |	4204048
            Number of splices: Annotated (sjdb) |	4181351
                       Number of splices: GT/AG |	4121610
                       Number of splices: GC/AG |	40034
                       Number of splices: AT/AC |	4617
               Number of splices: Non-canonical |	37787
                      Mismatch rate per base, % |	0.72%
                         Deletion rate per base |	0.05%
                        Deletion average length |	1.84
                        Insertion rate per base |	0.03%
                       Insertion average length |	1.67
                             MULTI-MAPPING READS:
        Number of reads mapped to multiple loci |	1084305
             % of reads mapped to multiple loci |	3.31%
        Number of reads mapped to too many loci |	163140
             % of reads mapped to too many loci |	0.50%
                                  UNMAPPED READS:
  Number of reads unmapped: too many mismatches |	0
       % of reads unmapped: too many mismatches |	0.00%
            Number of reads unmapped: too short |	727882
                 % of reads unmapped: too short |	2.22%
                Number of reads unmapped: other |	232592
                     % of reads unmapped: other |	0.71%
                                  CHIMERIC READS:
                       Number of chimeric reads |	0
                            % of chimeric reads |	0.00%
