                                 Started job on |	May 12 16:21:25
                             Started mapping on |	May 12 16:24:03
                                    Finished on |	May 12 16:26:17
       Mapping speed, Million of reads per hour |	966.33

                          Number of input reads |	35969045
                      Average input read length |	75
                                    UNIQUE READS:
                   Uniquely mapped reads number |	33708457
                        Uniquely mapped reads % |	93.72%
                          Average mapped length |	75.15
                       Number of splices: Total |	4790015
            Number of splices: Annotated (sjdb) |	4764378
                       Number of splices: GT/AG |	4698989
                       Number of splices: GC/AG |	47265
                       Number of splices: AT/AC |	5017
               Number of splices: Non-canonical |	38744
                      Mismatch rate per base, % |	0.72%
                         Deletion rate per base |	0.04%
                        Deletion average length |	1.84
                        Insertion rate per base |	0.03%
                       Insertion average length |	1.67
                             MULTI-MAPPING READS:
        Number of reads mapped to multiple loci |	1023021
             % of reads mapped to multiple loci |	2.84%
        Number of reads mapped to too many loci |	172592
             % of reads mapped to too many loci |	0.48%
                                  UNMAPPED READS:
  Number of reads unmapped: too many mismatches |	0
       % of reads unmapped: too many mismatches |	0.00%
            Number of reads unmapped: too short |	831145
                 % of reads unmapped: too short |	2.31%
                Number of reads unmapped: other |	233830
                     % of reads unmapped: other |	0.65%
                                  CHIMERIC READS:
                       Number of chimeric reads |	0
                            % of chimeric reads |	0.00%
