                                 Started job on |	Feb 22 17:38:41
                             Started mapping on |	Feb 22 17:41:53
                                    Finished on |	Feb 22 17:43:59
       Mapping speed, Million of reads per hour |	1062.69

                          Number of input reads |	37194075
                      Average input read length |	74
                                    UNIQUE READS:
                   Uniquely mapped reads number |	34995150
                        Uniquely mapped reads % |	94.09%
                          Average mapped length |	74.53
                       Number of splices: Total |	6394995
            Number of splices: Annotated (sjdb) |	6369124
                       Number of splices: GT/AG |	6291048
                       Number of splices: GC/AG |	57764
                       Number of splices: AT/AC |	6072
               Number of splices: Non-canonical |	40111
                      Mismatch rate per base, % |	0.71%
                         Deletion rate per base |	0.04%
                        Deletion average length |	1.81
                        Insertion rate per base |	0.02%
                       Insertion average length |	1.66
                             MULTI-MAPPING READS:
        Number of reads mapped to multiple loci |	989761
             % of reads mapped to multiple loci |	2.66%
        Number of reads mapped to too many loci |	158263
             % of reads mapped to too many loci |	0.43%
                                  UNMAPPED READS:
  Number of reads unmapped: too many mismatches |	0
       % of reads unmapped: too many mismatches |	0.00%
            Number of reads unmapped: too short |	842104
                 % of reads unmapped: too short |	2.26%
                Number of reads unmapped: other |	208797
                     % of reads unmapped: other |	0.56%
                                  CHIMERIC READS:
                       Number of chimeric reads |	0
                            % of chimeric reads |	0.00%
