                                 Started job on |	May 03 13:44:27
                             Started mapping on |	May 03 13:47:26
                                    Finished on |	May 03 13:49:28
       Mapping speed, Million of reads per hour |	1067.88

                          Number of input reads |	36189271
                      Average input read length |	75
                                    UNIQUE READS:
                   Uniquely mapped reads number |	33803622
                        Uniquely mapped reads % |	93.41%
                          Average mapped length |	75.07
                       Number of splices: Total |	4796495
            Number of splices: Annotated (sjdb) |	4770641
                       Number of splices: GT/AG |	4705028
                       Number of splices: GC/AG |	47362
                       Number of splices: AT/AC |	5029
               Number of splices: Non-canonical |	39076
                      Mismatch rate per base, % |	0.73%
                         Deletion rate per base |	0.04%
                        Deletion average length |	1.84
                        Insertion rate per base |	0.03%
                       Insertion average length |	1.67
                             MULTI-MAPPING READS:
        Number of reads mapped to multiple loci |	1035194
             % of reads mapped to multiple loci |	2.86%
        Number of reads mapped to too many loci |	174136
             % of reads mapped to too many loci |	0.48%
                                  UNMAPPED READS:
  Number of reads unmapped: too many mismatches |	0
       % of reads unmapped: too many mismatches |	0.00%
            Number of reads unmapped: too short |	938934
                 % of reads unmapped: too short |	2.59%
                Number of reads unmapped: other |	237385
                     % of reads unmapped: other |	0.66%
                                  CHIMERIC READS:
                       Number of chimeric reads |	0
                            % of chimeric reads |	0.00%
