                                 Started job on |	Feb 22 17:38:42
                             Started mapping on |	Feb 22 17:41:35
                                    Finished on |	Feb 22 17:43:32
       Mapping speed, Million of reads per hour |	1044.74

                          Number of input reads |	33953908
                      Average input read length |	74
                                    UNIQUE READS:
                   Uniquely mapped reads number |	32000203
                        Uniquely mapped reads % |	94.25%
                          Average mapped length |	74.52
                       Number of splices: Total |	4723793
            Number of splices: Annotated (sjdb) |	4700668
                       Number of splices: GT/AG |	4633920
                       Number of splices: GC/AG |	44118
                       Number of splices: AT/AC |	4995
               Number of splices: Non-canonical |	40760
                      Mismatch rate per base, % |	0.74%
                         Deletion rate per base |	0.05%
                        Deletion average length |	1.82
                        Insertion rate per base |	0.03%
                       Insertion average length |	1.68
                             MULTI-MAPPING READS:
        Number of reads mapped to multiple loci |	869505
             % of reads mapped to multiple loci |	2.56%
        Number of reads mapped to too many loci |	117355
             % of reads mapped to too many loci |	0.35%
                                  UNMAPPED READS:
  Number of reads unmapped: too many mismatches |	0
       % of reads unmapped: too many mismatches |	0.00%
            Number of reads unmapped: too short |	837919
                 % of reads unmapped: too short |	2.47%
                Number of reads unmapped: other |	128926
                     % of reads unmapped: other |	0.38%
                                  CHIMERIC READS:
                       Number of chimeric reads |	0
                            % of chimeric reads |	0.00%
