                                 Started job on |	May 19 11:23:47
                             Started mapping on |	May 19 11:26:19
                                    Finished on |	May 19 11:28:11
       Mapping speed, Million of reads per hour |	1049.62

                          Number of input reads |	32654732
                      Average input read length |	75
                                    UNIQUE READS:
                   Uniquely mapped reads number |	30957832
                        Uniquely mapped reads % |	94.80%
                          Average mapped length |	75.15
                       Number of splices: Total |	5368087
            Number of splices: Annotated (sjdb) |	5344890
                       Number of splices: GT/AG |	5281083
                       Number of splices: GC/AG |	49021
                       Number of splices: AT/AC |	5208
               Number of splices: Non-canonical |	32775
                      Mismatch rate per base, % |	0.68%
                         Deletion rate per base |	0.04%
                        Deletion average length |	1.81
                        Insertion rate per base |	0.03%
                       Insertion average length |	1.67
                             MULTI-MAPPING READS:
        Number of reads mapped to multiple loci |	797623
             % of reads mapped to multiple loci |	2.44%
        Number of reads mapped to too many loci |	117887
             % of reads mapped to too many loci |	0.36%
                                  UNMAPPED READS:
  Number of reads unmapped: too many mismatches |	0
       % of reads unmapped: too many mismatches |	0.00%
            Number of reads unmapped: too short |	669368
                 % of reads unmapped: too short |	2.05%
                Number of reads unmapped: other |	112022
                     % of reads unmapped: other |	0.34%
                                  CHIMERIC READS:
                       Number of chimeric reads |	0
                            % of chimeric reads |	0.00%
