                                 Started job on |	Feb 22 17:38:42
                             Started mapping on |	Feb 22 17:41:55
                                    Finished on |	Feb 22 17:44:05
       Mapping speed, Million of reads per hour |	939.00

                          Number of input reads |	33908284
                      Average input read length |	74
                                    UNIQUE READS:
                   Uniquely mapped reads number |	31867712
                        Uniquely mapped reads % |	93.98%
                          Average mapped length |	74.55
                       Number of splices: Total |	5189043
            Number of splices: Annotated (sjdb) |	5165793
                       Number of splices: GT/AG |	5099763
                       Number of splices: GC/AG |	47276
                       Number of splices: AT/AC |	5365
               Number of splices: Non-canonical |	36639
                      Mismatch rate per base, % |	0.71%
                         Deletion rate per base |	0.04%
                        Deletion average length |	1.81
                        Insertion rate per base |	0.03%
                       Insertion average length |	1.67
                             MULTI-MAPPING READS:
        Number of reads mapped to multiple loci |	882299
             % of reads mapped to multiple loci |	2.60%
        Number of reads mapped to too many loci |	144655
             % of reads mapped to too many loci |	0.43%
                                  UNMAPPED READS:
  Number of reads unmapped: too many mismatches |	0
       % of reads unmapped: too many mismatches |	0.00%
            Number of reads unmapped: too short |	811868
                 % of reads unmapped: too short |	2.39%
                Number of reads unmapped: other |	201750
                     % of reads unmapped: other |	0.59%
                                  CHIMERIC READS:
                       Number of chimeric reads |	0
                            % of chimeric reads |	0.00%
