                                 Started job on |	May 03 13:53:40
                             Started mapping on |	May 03 13:56:01
                                    Finished on |	May 03 13:57:46
       Mapping speed, Million of reads per hour |	1079.99

                          Number of input reads |	31499603
                      Average input read length |	75
                                    UNIQUE READS:
                   Uniquely mapped reads number |	29420587
                        Uniquely mapped reads % |	93.40%
                          Average mapped length |	75.01
                       Number of splices: Total |	3353658
            Number of splices: Annotated (sjdb) |	3332218
                       Number of splices: GT/AG |	3281501
                       Number of splices: GC/AG |	32689
                       Number of splices: AT/AC |	3653
               Number of splices: Non-canonical |	35815
                      Mismatch rate per base, % |	0.70%
                         Deletion rate per base |	0.05%
                        Deletion average length |	1.87
                        Insertion rate per base |	0.03%
                       Insertion average length |	1.66
                             MULTI-MAPPING READS:
        Number of reads mapped to multiple loci |	1032216
             % of reads mapped to multiple loci |	3.28%
        Number of reads mapped to too many loci |	150692
             % of reads mapped to too many loci |	0.48%
                                  UNMAPPED READS:
  Number of reads unmapped: too many mismatches |	0
       % of reads unmapped: too many mismatches |	0.00%
            Number of reads unmapped: too short |	784413
                 % of reads unmapped: too short |	2.49%
                Number of reads unmapped: other |	111695
                     % of reads unmapped: other |	0.35%
                                  CHIMERIC READS:
                       Number of chimeric reads |	0
                            % of chimeric reads |	0.00%
