                                 Started job on |	May 19 11:23:47
                             Started mapping on |	May 19 11:26:31
                                    Finished on |	May 19 11:28:07
       Mapping speed, Million of reads per hour |	1141.58

                          Number of input reads |	30442253
                      Average input read length |	75
                                    UNIQUE READS:
                   Uniquely mapped reads number |	28362731
                        Uniquely mapped reads % |	93.17%
                          Average mapped length |	75.12
                       Number of splices: Total |	2608583
            Number of splices: Annotated (sjdb) |	2588100
                       Number of splices: GT/AG |	2542857
                       Number of splices: GC/AG |	28720
                       Number of splices: AT/AC |	3029
               Number of splices: Non-canonical |	33977
                      Mismatch rate per base, % |	0.67%
                         Deletion rate per base |	0.05%
                        Deletion average length |	1.88
                        Insertion rate per base |	0.03%
                       Insertion average length |	1.66
                             MULTI-MAPPING READS:
        Number of reads mapped to multiple loci |	992709
             % of reads mapped to multiple loci |	3.26%
        Number of reads mapped to too many loci |	179237
             % of reads mapped to too many loci |	0.59%
                                  UNMAPPED READS:
  Number of reads unmapped: too many mismatches |	0
       % of reads unmapped: too many mismatches |	0.00%
            Number of reads unmapped: too short |	684710
                 % of reads unmapped: too short |	2.25%
                Number of reads unmapped: other |	222866
                     % of reads unmapped: other |	0.73%
                                  CHIMERIC READS:
                       Number of chimeric reads |	0
                            % of chimeric reads |	0.00%
