                                 Started job on |	May 03 13:56:47
                             Started mapping on |	May 03 13:59:59
                                    Finished on |	May 03 14:02:27
       Mapping speed, Million of reads per hour |	870.08

                          Number of input reads |	35769816
                      Average input read length |	75
                                    UNIQUE READS:
                   Uniquely mapped reads number |	33642734
                        Uniquely mapped reads % |	94.05%
                          Average mapped length |	75.09
                       Number of splices: Total |	6274538
            Number of splices: Annotated (sjdb) |	6249540
                       Number of splices: GT/AG |	6175797
                       Number of splices: GC/AG |	55717
                       Number of splices: AT/AC |	6081
               Number of splices: Non-canonical |	36943
                      Mismatch rate per base, % |	0.70%
                         Deletion rate per base |	0.04%
                        Deletion average length |	1.83
                        Insertion rate per base |	0.02%
                       Insertion average length |	1.66
                             MULTI-MAPPING READS:
        Number of reads mapped to multiple loci |	1044479
             % of reads mapped to multiple loci |	2.92%
        Number of reads mapped to too many loci |	139212
             % of reads mapped to too many loci |	0.39%
                                  UNMAPPED READS:
  Number of reads unmapped: too many mismatches |	0
       % of reads unmapped: too many mismatches |	0.00%
            Number of reads unmapped: too short |	828900
                 % of reads unmapped: too short |	2.32%
                Number of reads unmapped: other |	114491
                     % of reads unmapped: other |	0.32%
                                  CHIMERIC READS:
                       Number of chimeric reads |	0
                            % of chimeric reads |	0.00%
