                                 Started job on |	May 03 13:38:23
                             Started mapping on |	May 03 13:40:59
                                    Finished on |	May 03 13:42:55
       Mapping speed, Million of reads per hour |	1086.09

                          Number of input reads |	34996197
                      Average input read length |	75
                                    UNIQUE READS:
                   Uniquely mapped reads number |	33023618
                        Uniquely mapped reads % |	94.36%
                          Average mapped length |	75.08
                       Number of splices: Total |	5803251
            Number of splices: Annotated (sjdb) |	5778003
                       Number of splices: GT/AG |	5708769
                       Number of splices: GC/AG |	51811
                       Number of splices: AT/AC |	5598
               Number of splices: Non-canonical |	37073
                      Mismatch rate per base, % |	0.71%
                         Deletion rate per base |	0.04%
                        Deletion average length |	1.82
                        Insertion rate per base |	0.02%
                       Insertion average length |	1.68
                             MULTI-MAPPING READS:
        Number of reads mapped to multiple loci |	908596
             % of reads mapped to multiple loci |	2.60%
        Number of reads mapped to too many loci |	133346
             % of reads mapped to too many loci |	0.38%
                                  UNMAPPED READS:
  Number of reads unmapped: too many mismatches |	0
       % of reads unmapped: too many mismatches |	0.00%
            Number of reads unmapped: too short |	813210
                 % of reads unmapped: too short |	2.32%
                Number of reads unmapped: other |	117427
                     % of reads unmapped: other |	0.34%
                                  CHIMERIC READS:
                       Number of chimeric reads |	0
                            % of chimeric reads |	0.00%
