                                 Started job on |	Feb 22 17:38:42
                             Started mapping on |	Feb 22 17:41:42
                                    Finished on |	Feb 22 17:43:44
       Mapping speed, Million of reads per hour |	1107.95

                          Number of input reads |	37547140
                      Average input read length |	74
                                    UNIQUE READS:
                   Uniquely mapped reads number |	35458783
                        Uniquely mapped reads % |	94.44%
                          Average mapped length |	74.56
                       Number of splices: Total |	6539557
            Number of splices: Annotated (sjdb) |	6514326
                       Number of splices: GT/AG |	6441927
                       Number of splices: GC/AG |	56413
                       Number of splices: AT/AC |	6299
               Number of splices: Non-canonical |	34918
                      Mismatch rate per base, % |	0.68%
                         Deletion rate per base |	0.04%
                        Deletion average length |	1.79
                        Insertion rate per base |	0.02%
                       Insertion average length |	1.65
                             MULTI-MAPPING READS:
        Number of reads mapped to multiple loci |	904124
             % of reads mapped to multiple loci |	2.41%
        Number of reads mapped to too many loci |	154861
             % of reads mapped to too many loci |	0.41%
                                  UNMAPPED READS:
  Number of reads unmapped: too many mismatches |	0
       % of reads unmapped: too many mismatches |	0.00%
            Number of reads unmapped: too short |	783120
                 % of reads unmapped: too short |	2.09%
                Number of reads unmapped: other |	246252
                     % of reads unmapped: other |	0.66%
                                  CHIMERIC READS:
                       Number of chimeric reads |	0
                            % of chimeric reads |	0.00%
