                                 Started job on |	May 19 11:23:50
                             Started mapping on |	May 19 11:27:09
                                    Finished on |	May 19 11:29:11
       Mapping speed, Million of reads per hour |	996.94

                          Number of input reads |	33785358
                      Average input read length |	75
                                    UNIQUE READS:
                   Uniquely mapped reads number |	31448350
                        Uniquely mapped reads % |	93.08%
                          Average mapped length |	75.13
                       Number of splices: Total |	3806240
            Number of splices: Annotated (sjdb) |	3782725
                       Number of splices: GT/AG |	3726863
                       Number of splices: GC/AG |	36858
                       Number of splices: AT/AC |	4442
               Number of splices: Non-canonical |	38077
                      Mismatch rate per base, % |	0.72%
                         Deletion rate per base |	0.05%
                        Deletion average length |	1.87
                        Insertion rate per base |	0.03%
                       Insertion average length |	1.67
                             MULTI-MAPPING READS:
        Number of reads mapped to multiple loci |	1128304
             % of reads mapped to multiple loci |	3.34%
        Number of reads mapped to too many loci |	184101
             % of reads mapped to too many loci |	0.54%
                                  UNMAPPED READS:
  Number of reads unmapped: too many mismatches |	0
       % of reads unmapped: too many mismatches |	0.00%
            Number of reads unmapped: too short |	761291
                 % of reads unmapped: too short |	2.25%
                Number of reads unmapped: other |	263312
                     % of reads unmapped: other |	0.78%
                                  CHIMERIC READS:
                       Number of chimeric reads |	0
                            % of chimeric reads |	0.00%
