                                 Started job on |	Feb 22 17:38:41
                             Started mapping on |	Feb 22 17:41:38
                                    Finished on |	Feb 22 17:43:33
       Mapping speed, Million of reads per hour |	1041.08

                          Number of input reads |	33256693
                      Average input read length |	74
                                    UNIQUE READS:
                   Uniquely mapped reads number |	31018766
                        Uniquely mapped reads % |	93.27%
                          Average mapped length |	74.52
                       Number of splices: Total |	4477529
            Number of splices: Annotated (sjdb) |	4453051
                       Number of splices: GT/AG |	4391740
                       Number of splices: GC/AG |	43479
                       Number of splices: AT/AC |	4547
               Number of splices: Non-canonical |	37763
                      Mismatch rate per base, % |	0.74%
                         Deletion rate per base |	0.05%
                        Deletion average length |	1.83
                        Insertion rate per base |	0.03%
                       Insertion average length |	1.67
                             MULTI-MAPPING READS:
        Number of reads mapped to multiple loci |	907250
             % of reads mapped to multiple loci |	2.73%
        Number of reads mapped to too many loci |	184394
             % of reads mapped to too many loci |	0.55%
                                  UNMAPPED READS:
  Number of reads unmapped: too many mismatches |	0
       % of reads unmapped: too many mismatches |	0.00%
            Number of reads unmapped: too short |	819444
                 % of reads unmapped: too short |	2.46%
                Number of reads unmapped: other |	326839
                     % of reads unmapped: other |	0.98%
                                  CHIMERIC READS:
                       Number of chimeric reads |	0
                            % of chimeric reads |	0.00%
