                                 Started job on |	May 03 14:05:57
                             Started mapping on |	May 03 14:08:58
                                    Finished on |	May 03 14:10:59
       Mapping speed, Million of reads per hour |	1032.87

                          Number of input reads |	34715939
                      Average input read length |	75
                                    UNIQUE READS:
                   Uniquely mapped reads number |	32555391
                        Uniquely mapped reads % |	93.78%
                          Average mapped length |	75.06
                       Number of splices: Total |	4904085
            Number of splices: Annotated (sjdb) |	4879801
                       Number of splices: GT/AG |	4815440
                       Number of splices: GC/AG |	44770
                       Number of splices: AT/AC |	5220
               Number of splices: Non-canonical |	38655
                      Mismatch rate per base, % |	0.72%
                         Deletion rate per base |	0.04%
                        Deletion average length |	1.85
                        Insertion rate per base |	0.03%
                       Insertion average length |	1.68
                             MULTI-MAPPING READS:
        Number of reads mapped to multiple loci |	912333
             % of reads mapped to multiple loci |	2.63%
        Number of reads mapped to too many loci |	162975
             % of reads mapped to too many loci |	0.47%
                                  UNMAPPED READS:
  Number of reads unmapped: too many mismatches |	0
       % of reads unmapped: too many mismatches |	0.00%
            Number of reads unmapped: too short |	841012
                 % of reads unmapped: too short |	2.42%
                Number of reads unmapped: other |	244228
                     % of reads unmapped: other |	0.70%
                                  CHIMERIC READS:
                       Number of chimeric reads |	0
                            % of chimeric reads |	0.00%
