                                 Started job on |	May 03 13:59:48
                             Started mapping on |	May 03 14:02:26
                                    Finished on |	May 03 14:04:30
       Mapping speed, Million of reads per hour |	1083.52

                          Number of input reads |	37321144
                      Average input read length |	75
                                    UNIQUE READS:
                   Uniquely mapped reads number |	35090953
                        Uniquely mapped reads % |	94.02%
                          Average mapped length |	75.09
                       Number of splices: Total |	6063851
            Number of splices: Annotated (sjdb) |	6037464
                       Number of splices: GT/AG |	5961334
                       Number of splices: GC/AG |	57652
                       Number of splices: AT/AC |	5957
               Number of splices: Non-canonical |	38908
                      Mismatch rate per base, % |	0.70%
                         Deletion rate per base |	0.04%
                        Deletion average length |	1.83
                        Insertion rate per base |	0.02%
                       Insertion average length |	1.67
                             MULTI-MAPPING READS:
        Number of reads mapped to multiple loci |	946047
             % of reads mapped to multiple loci |	2.53%
        Number of reads mapped to too many loci |	165239
             % of reads mapped to too many loci |	0.44%
                                  UNMAPPED READS:
  Number of reads unmapped: too many mismatches |	0
       % of reads unmapped: too many mismatches |	0.00%
            Number of reads unmapped: too short |	876886
                 % of reads unmapped: too short |	2.35%
                Number of reads unmapped: other |	242019
                     % of reads unmapped: other |	0.65%
                                  CHIMERIC READS:
                       Number of chimeric reads |	0
                            % of chimeric reads |	0.00%
