                                 Started job on |	May 19 11:23:48
                             Started mapping on |	May 19 11:26:30
                                    Finished on |	May 19 11:28:09
       Mapping speed, Million of reads per hour |	1191.24

                          Number of input reads |	32759156
                      Average input read length |	75
                                    UNIQUE READS:
                   Uniquely mapped reads number |	30539484
                        Uniquely mapped reads % |	93.22%
                          Average mapped length |	75.13
                       Number of splices: Total |	4205801
            Number of splices: Annotated (sjdb) |	4183042
                       Number of splices: GT/AG |	4122834
                       Number of splices: GC/AG |	40527
                       Number of splices: AT/AC |	4617
               Number of splices: Non-canonical |	37823
                      Mismatch rate per base, % |	0.72%
                         Deletion rate per base |	0.05%
                        Deletion average length |	1.84
                        Insertion rate per base |	0.03%
                       Insertion average length |	1.67
                             MULTI-MAPPING READS:
        Number of reads mapped to multiple loci |	1088109
             % of reads mapped to multiple loci |	3.32%
        Number of reads mapped to too many loci |	163132
             % of reads mapped to too many loci |	0.50%
                                  UNMAPPED READS:
  Number of reads unmapped: too many mismatches |	0
       % of reads unmapped: too many mismatches |	0.00%
            Number of reads unmapped: too short |	731697
                 % of reads unmapped: too short |	2.23%
                Number of reads unmapped: other |	236734
                     % of reads unmapped: other |	0.72%
                                  CHIMERIC READS:
                       Number of chimeric reads |	0
                            % of chimeric reads |	0.00%
