                                 Started job on |	May 03 13:59:48
                             Started mapping on |	May 03 14:02:19
                                    Finished on |	May 03 14:04:17
       Mapping speed, Million of reads per hour |	1055.63

                          Number of input reads |	34601220
                      Average input read length |	75
                                    UNIQUE READS:
                   Uniquely mapped reads number |	32516231
                        Uniquely mapped reads % |	93.97%
                          Average mapped length |	75.05
                       Number of splices: Total |	4323746
            Number of splices: Annotated (sjdb) |	4299051
                       Number of splices: GT/AG |	4239426
                       Number of splices: GC/AG |	40960
                       Number of splices: AT/AC |	4817
               Number of splices: Non-canonical |	38543
                      Mismatch rate per base, % |	0.73%
                         Deletion rate per base |	0.05%
                        Deletion average length |	1.83
                        Insertion rate per base |	0.03%
                       Insertion average length |	1.66
                             MULTI-MAPPING READS:
        Number of reads mapped to multiple loci |	1004354
             % of reads mapped to multiple loci |	2.90%
        Number of reads mapped to too many loci |	138409
             % of reads mapped to too many loci |	0.40%
                                  UNMAPPED READS:
  Number of reads unmapped: too many mismatches |	0
       % of reads unmapped: too many mismatches |	0.00%
            Number of reads unmapped: too short |	844691
                 % of reads unmapped: too short |	2.44%
                Number of reads unmapped: other |	97535
                     % of reads unmapped: other |	0.28%
                                  CHIMERIC READS:
                       Number of chimeric reads |	0
                            % of chimeric reads |	0.00%
